[ RELEASE v1.0.24-beta.25544104 ]
7a7f475 (HEAD -> dev) release -beta.25544104
d181527 release -beta.25543709
c32467c (origin/dev) update deps
13439fe merge from master
828d817 (tag: v1.0.22-beta.12858318) release v1.0.22-beta.12858318
97a5165 fix testing bool
395d079 remove testing bool
2000f0d (tag: v1.0.22-beta.12856731) release v1.0.22-beta.12856731
2bc6d87 save mod files
9fa26bf merged master
413caff (tag: v1.0.22) release v1.0.22
aa55b39 add topic rebalancing for cluster expansions
d1ca6c2 (tag: v1.0.21-beta.8827045) release v1.0.21-beta.8827045
39ac275 merge master files
3eba617 update consumergroup and tail process
afeacd7 update deps
83defb5 update deps
da4bfe1 (tag: v1.0.21-beta.5579665) release v1.0.21-beta.5579665
878d88a merge master
887566b add get apiversions
bc316f9 merge dev
6b8fc2c edit kafka api versions return
c542315 (tag: v1.0.21-beta.5439615) release v1.0.21-beta.5439615
8d11719 add brew to dev
793e1d1 merge master
3957e28 update kafkactl dependancies
4bb24fd update
538a4bd update envvars
e381bab merge master
caa9b04 update
4cce1b5 master
32b3039 updates
058775e define gitattributes
89872c1 define gitattributes
1902ff1 update dependancies
69e2253 start incorporation of metrics
d9dd71c update logging; metrics testing;
5e78f54 update readme
f083e44 updates
8ebb0cb correction; edit readme;
f3c1bd9 edits and corrections; add license;
47a0f15 (tag: v1.0.21) release v1.0.21
69a1f5a add homebrew
2271100 modify envvars
10686f8 updates from dev
34b3166 minor edits
bb215b5 (tag: v1.0.20-beta.4917434) release v1.0.20-beta.4917434
84e2077 release -beta.4917334
8ae7a2f revert back
d8f78d4 quick fix envvars
209b1a8 cleanup makefile, travis config and envvars
5ee8077 release v1.0.20-beta.4912459
cc3876f update envvars
0429d6d envvars testing
fd88f0c release v1.0.20-beta.4911614
cfd4f31 envvars testing
6ae5e7a release v1.0.20-beta.4859732
004117c release v1.0.20-beta.4859724
b7b2c24 revert changes
5ced782 release v1.0.20-beta.4829400
3be40aa release v1.0.20-beta.4829400
6b0d5bb make testing edits
e5fae6c release v1.0.20-beta.4829400
ff7c6c9 make testing edits
5bfc2fd release v1.0.20-beta.4856957
cad7e7a update envvars
fc260db edit version vars; add envvars;
b80c133 release v1.0.20-beta.4829042
86f9963 release v1.0.20-beta.4828570
9973f71 remove extra $ sign
cce579b minor mod
eda7d81 CI mods
2d45df2 CI mods
383bd73 makefile/CI edits
a4bb027 isolate version and envs; edit makefile;
c9cc667 release v1.0.20-beta.4816024
9f5f08a switch base docker image due to dynamic linking
538b007 modify ldflags
c06c2c3 release v1.0.20-beta.4809952
d52d9f0 release mods
6e2a6f3 release v1.0.20-beta.4808104
6c2b8c8 change to static variable
200cbb8 testing
9400d53 release v1.0.20-beta.
1ccf53e release v1.0.20-beta.
be950ed updates
ad4605f updates
5f34a04 cleanup ifelse statement
6ad7cd5 release v1.0.20-beta.4740492
24db721 edit
a5d812c release v1.0.20-beta.4739962
96e63b5 edit
0d33051 release v1.0.20-beta.4730319
ef25b4d change docker build options
4047a12 release v1.0.20-beta.4729734
0edba68 change docker build options
fc08a45 release v1.0.20-beta.4729440
25e969d change docker build options
824bde6 release v1.0.20-beta.4728472
4d56dfb testing
e73a0c5 release v1.0.20-beta.4713640
d5b6335 release v1.0.20-beta.4713587
28905fc edit cmds
73f260d release v1.0.20-beta.4712542
c9b6625 fix binary path
07867ff release v1.0.20-beta.4711623
5fdb281 change docker image and tag vals
2359ddd release v1.0.20-4709948-beta
4a068a2 cleanup tagging
76636c2 release v1.0.20+4708583
174c8a4 docker modifications
692c26c release v1.0.20+4707654
de3c2bd docker edits
dfc8109 release v1.0.20+4706215
bc88d11 add docker hooks
d5304da release v1.0.20+4704552
fd0d82b make dockerfile edits
9b71bd3 release v1.0.20+4703865
7d83ff7 add docker
0cd5e35 release v1.0.20+4667287
65f27a5 release v1.0.20+4666762
996a655 release v1.0.20+4666551
78c0bdb add dockerfile
8e91683 edit makefile
3c12d2f edit makefile
664de08 release v1.0.20+4622936
1951e65 release v1.0.20+4622250
0816045 release v1.0.20+4622212
7f703ac update CI files
70b8d50 release v1.0.20+4620468
09f197d update makefile
de83d82 update makefile
04373c8 update CI for dev branch
6735cf2 update
753a975 update with master
da09af9 edit makefile; edit version info;
328c2c6 edit value
06eb526 (tag: v1.0.20) release v1.0.20
1dcf755 release v1.0.20
96ceb2c release v1.0.20
e41b71b release v1.0.20
e9ef074 release v..
dd95aea release v1.0.20
ec45216 fix makefile
9e2e1f2 edit makefile
bbbf551 release v1.0.20
c7120f0 release v1.0.20
53be440 release v1.0.20
9867133 release 1.0.20
5dffa88 release 1.0.20
a7f4401 edit readme
35b5b8a edit readme
22c8509 edit readme
51a1b2b edit readme
708ddaf added CI configs
0285687 edits
47f64fb add goreleaser
0dc081b updates
217e65a updates
ee79f5c updates
14a3352 updates
4e5524b updates
57be5a2 update dependencies
9f0328c update readme
341f44d start reorg with modules
1d410c0 edit imports; add go module;
54abbeb updates
ce64a4f lib separation; start using modules;
468c85c cleanup
c142756 remove dependancy
aeb2ec9 remove missed import
c586215 (tag: 1.0.19.4485809, origin/reorg) Add Examples; Add Burrow Monitor; Cleanup;
f6e9beb switch to logsrus for logging
690db6a switch to logsrus for logging
5c84aad re-read config after conversion
b152f33 add old config detection
468ce16 disable client start on version
d771af0 change config filename in help
5ca94b7 finish config convert func
c4acfee make config converter
6022042 delete outdated files
a6447d7 cleanup and updates
76eac4a updates
86e4097 cleanup; add replica moves, increases; more examples;
64d2b09 Add Offset Operations; Start Examples;
2de98d0 cleanup adhox context for zk with kafka
449593d add adhoc contexts
968e1c6 edit version
f430de4 cleanup match bool; add sort lag;
33d9333 topic ops edits; add replica migration counts;
f45c06c add create/delete topic capabilies
ad3ba86 re-add config view; add entity notifications for topic alter;
1fd450b edit version output
904b2dc add reset topic config capability
f9a8930 updates
e858472 fix validation check
9e87a84 cleanup, add pre
9c7037e cleanup zk funcs
45591dd start pre and zk funcs
3bb3d37 cleanup admin topic configs
fee8cd4 add/expand produce/consume; start admin funcs;
524c863 add follow
3f824d6 cleanup; add msgs
c5d7550 add lag; cleanup;
b375605 cleanup offset map func; add describe;
82261d3 reorg/cleanup start; create context usage;
f92d331 fixes, edits
ddafa6c add find topics requiring PRE
4f3ee42 add pre with stdin; cleanup topicStdin;
c80e982 cleanup
a0819b6 fix version return for 0.11.0.0; add client version return;
7be69e1 fix persistent flag conflict
3ce3e09 Cleanup; Add broker command;
70cf25d add client version funcs; return errors as stack so metadata can still return some data; general cleanup;
a377cd9 updates; client connect cleanup; add moves from stdin;
1283f7d add increase ISR for all topics; add client timeout getting metadata summary; add api versions return;
e55026b add delete offsets for partition; use custom client for tool;
88ce6a8 fix explicit zk call
ae486e4 updates
ca9e6f5 edits
8be294c edits
317c1a3 edits
3728580 add docker instructions to readme
a5d1c15 edit readme
08c8508 cleanup; edits'
a012738 updates
0d63b6e updates
a4ae93c (tag: v2018.12.17.115341) cleanup zookeeper funcs
646962e add move partition function
c4c375a add zk options/checks for replica increase
617e368 close client on fatal; cleanup;
daa3994 updates
2546cf8 edits
de34cb7 add increase rFactor functionality
7246e94 start increase functions
8ff43d4 edit pre description
347681f fix
99333b2 (tag: v2018.11.27.125943) edits
533d845 edits
a15660b Add README; Fix typo
24387cc allow passing stdin as value for zookeeper values
9599710 add version funcs; cleanup;
8f1f92d cleanup
a9278f3 Add note as WiP
f6c80a7 add burrow monitor
ebdc576 Add Burrow Functions; Cleanup ZK;
babb7f2 add kafka version identification; add apikey retrieval;
6553353 cleanup
1a7a8c1 Add PRE for AllTopics
d48d5a5 add zookeeper functions
28eea7e cleanup console producer
c1f5b23 cleanup; simplify client call to global for efficiency;
b2714a9 append random string for clientID in config
8655cfd rename default config file; add default output to config command;
7998846 add consumer group functions
6b5053a Edits and Additions; Added Configuration Mgmt.
a4a7c27 Updates and Additions
f8d87c2 edit tail start logic
fd54839 add additional partition offset retrieval method, make partition offsets default topic display
2780c48 add additional partition offset retrieval method, make partition offsets default topic display
f6666de add consumer functions
e7fe949 cleanup
1232c58 Expand Offset Operations
40356cb revise conf collections
6e187fc various
4182783 add offsetreset
faa752c fix clusterMeta
67f3b7b fix describe args; cleanup topic/group metadata
58b3b03 Numerous Adds
49502bc start of revamp
879efa2 initial commit
